<?xml version="1.0" encoding="UTF-8"?>
<testsuite xmlns:xsi="http://www.w3.org/2001/XMLSchema-instance" xsi:noNamespaceSchemaLocation="https://maven.apache.org/surefire/maven-surefire-plugin/xsd/surefire-test-report.xsd" name="com.aws.corona.charades.repositories.GameRepositoryTest" time="0.115" tests="5" errors="0" skipped="0" failures="0">
  <properties>
[...]
</properties>
  <testcase name="getGameShouldFindGameIfPresent" classname="com.aws.corona.charades.repositories.GameRepositoryTest" time="0.066"/>
  <testcase name="getGameShouldThrowExceptionIfGameNotFound" classname="com.aws.corona.charades.repositories.GameRepositoryTest" time="0.022"/>
  <testcase name="updateGame" classname="com.aws.corona.charades.repositories.GameRepositoryTest" time="0"/>
  <testcase name="createNewGame" classname="com.aws.corona.charades.repositories.GameRepositoryTest" time="0.002"/>
  <testcase name="deleteGame" classname="com.aws.corona.charades.repositories.GameRepositoryTest" time="0.002"/>
</testsuite>